<?xml version="1.0" encoding="UTF-8"?>
<!-- Generated by org.testng.reporters.JUnitReportReporter -->
<testsuite name="testcases.TC001_LoginAndLogout" tests="2" time="19.192" ignored="0" failures="0" timestamp="05 May 2018 20:23:54 GMT" skipped="0" hostname="DESKTOP-U822VNM" errors="0">
  <testcase name="loginAndLogout" time="10.502" classname="testcases.TC001_LoginAndLogout"/>
  <testcase name="loginAndLogout" time="8.690" classname="testcases.TC001_LoginAndLogout"/>
</testsuite> <!-- testcases.TC001_LoginAndLogout -->
