<?xml version="1.0" encoding="UTF-8"?>
<!-- Generated by org.testng.reporters.JUnitReportReporter -->
<testsuite skipped="0" hostname="GaneshbabuTS-PC" name="testcases.TC007_DeleteLead" tests="1" failures="0" timestamp="13 May 2018 02:29:10 GMT" time="22.456" errors="0">
  <testcase name="MergeLead" time="22.456" classname="testcases.TC007_DeleteLead"/>
</testsuite> <!-- testcases.TC007_DeleteLead -->
