<?xml version="1.0" encoding="UTF-8"?>
<!-- Generated by org.testng.reporters.JUnitReportReporter -->
<testsuite skipped="0" hostname="GaneshbabuTS-PC" name="testcases.TC006_DuplicateLead" tests="1" failures="0" timestamp="12 May 2018 17:48:25 GMT" time="22.048" errors="0">
  <testcase name="MergeLead" time="22.048" classname="testcases.TC006_DuplicateLead"/>
</testsuite> <!-- testcases.TC006_DuplicateLead -->
