<?xml version="1.0" encoding="UTF-8"?>
<!-- Generated by org.testng.reporters.JUnitReportReporter -->
<testsuite skipped="0" hostname="GaneshbabuTS-PC" name="testcases.TC005_MergeLead" tests="1" failures="0" timestamp="12 May 2018 16:37:01 GMT" time="31.684" errors="0">
  <testcase name="MergeLead" time="31.684" classname="testcases.TC005_MergeLead"/>
</testsuite> <!-- testcases.TC005_MergeLead -->
