<?xml version="1.0" encoding="UTF-8"?>
<!-- Generated by org.testng.reporters.JUnitReportReporter -->
<testsuite skipped="0" hostname="GaneshbabuTS-PC" name="GridScript.grid.Leaftaps" tests="1" failures="0" timestamp="13 May 2018 10:47:51 GMT" time="13.013" errors="0">
  <testcase name="login" time="13.013" classname="GridScript.grid.Leaftaps"/>
</testsuite> <!-- GridScript.grid.Leaftaps -->
