<?xml version="1.0" encoding="UTF-8"?>
<!-- Generated by org.testng.reporters.JUnitReportReporter -->
<testsuite skipped="0" hostname="GaneshbabuTS-PC" name="testcases.TC003_CreateLead" tests="1" failures="0" timestamp="15 Jun 2018 04:10:40 GMT" time="26.225" errors="0">
  <testcase name="createLead" time="26.225" classname="testcases.TC003_CreateLead"/>
</testsuite> <!-- testcases.TC003_CreateLead -->
